[2021-09-22T21:05:10.629387+00:00] main_channel.INFO: Arranca el Hub  [] []
[2021-09-22T21:07:36.457422+00:00] main_channel.INFO: Arranca el Hub  [] []
[2021-09-22T21:08:10.773468+00:00] main_channel.INFO: Se agregó un nuevo cliente con id de resource: 123 [] []
[2021-09-22T21:08:10.792088+00:00] main_channel.DEBUG: Se inicia un HandleMessage [] []
[2021-09-22T21:08:10.792667+00:00] main_channel.DEBUG: {"procedure":"NEW_CHANNEL","channel_name":"andres_come_torta"} [] []
[2021-09-22T21:08:10.801853+00:00] main_channel.DEBUG: Se creó el channel sin problemas [] []
[2021-09-22T21:09:39.318716+00:00] main_channel.INFO: Arranca el Hub  [] []
[2021-09-22T21:10:56.872304+00:00] main_channel.INFO: Se agregó un nuevo cliente con id de resource: 123 [] []
[2021-09-22T21:10:56.885567+00:00] main_channel.DEBUG: Se inicia un HandleMessage [] []
[2021-09-22T21:10:56.885878+00:00] main_channel.DEBUG: {"procedure":"NEW_CHANNEL","channel_name":"andres_come_torta"} [] []
[2021-09-22T21:10:56.889598+00:00] main_channel.DEBUG: Se creó el channel sin problemas [] []
[2021-09-22T21:11:36.298437+00:00] main_channel.INFO: Se agregó un nuevo cliente con id de resource: 156 [] []
[2021-09-22T21:11:36.307746+00:00] main_channel.DEBUG: Se inicia un HandleMessage [] []
[2021-09-22T21:11:36.308131+00:00] main_channel.DEBUG: {"procedure":"NEW_CHANNEL","channel_name":"andres_come_torta"} [] []
[2021-09-22T21:11:36.309755+00:00] main_channel.DEBUG: Se creó el channel sin problemas [] []
[2021-09-22T21:12:22.798324+00:00] main_channel.INFO: Se agregó un nuevo cliente con id de resource: 159 [] []
[2021-09-22T21:12:22.809142+00:00] main_channel.DEBUG: Se inicia un HandleMessage [] []
[2021-09-22T21:12:22.809513+00:00] main_channel.DEBUG: {"procedure":"NEW_CHANNEL","channel_name":"andres_come_torta"} [] []
[2021-09-22T21:12:22.810386+00:00] main_channel.DEBUG: Se creó el channel sin problemas [] []
[2021-09-22T21:13:37.930666+00:00] main_channel.INFO: Se agregó un nuevo cliente con id de resource: 162 [] []
[2021-09-22T21:13:37.940155+00:00] main_channel.DEBUG: Se inicia un HandleMessage [] []
[2021-09-22T21:13:37.940400+00:00] main_channel.DEBUG: {"procedure":"NEW_CHANNEL","channel_name":"andres_come_torta"} [] []
[2021-09-22T21:13:37.941224+00:00] main_channel.DEBUG: Se creó el channel sin problemas [] []
[2021-09-22T21:14:02.652763+00:00] main_channel.INFO: Arranca el Hub  [] []
[2021-09-22T21:14:06.308106+00:00] main_channel.INFO: Arranca el Hub  [] []
[2021-09-22T21:14:22.955031+00:00] main_channel.INFO: Se agregó un nuevo cliente con id de resource: 123 [] []
[2021-09-22T21:14:34.102300+00:00] main_channel.DEBUG: Se inicia un HandleMessage [] []
[2021-09-22T21:14:34.102939+00:00] main_channel.DEBUG: {"procedure":"NEW_CHANNEL","channel_name":"andres_come_torta"} [] []
[2021-09-22T21:14:36.465543+00:00] main_channel.DEBUG: Se creó el channel sin problemas [] []
[2021-09-22T21:15:23.770175+00:00] main_channel.INFO: Se agregó un nuevo cliente con id de resource: 156 [] []
[2021-09-22T21:15:29.960833+00:00] main_channel.DEBUG: Se inicia un HandleMessage [] []
[2021-09-22T21:15:30.331372+00:00] main_channel.DEBUG: {"procedure":"NEW_CHANNEL","channel_name":"andres_come_torta"} [] []
[2021-09-22T21:15:38.366789+00:00] main_channel.DEBUG: Se creó el channel sin problemas [] []
[2021-09-22T21:17:00.678681+00:00] main_channel.INFO: Arranca el Hub  [] []
[2021-09-22T21:17:15.059139+00:00] main_channel.INFO: Se agregó un nuevo cliente con id de resource: 123 [] []
[2021-09-22T21:17:15.072447+00:00] main_channel.DEBUG: Se inicia un HandleMessage [] []
[2021-09-22T21:17:15.072595+00:00] main_channel.DEBUG: {"procedure":"NEW_CHANNEL","channel_name":"andres_come_torta"} [] []
[2021-09-22T21:17:15.079103+00:00] main_channel.DEBUG: Se creó el channel sin problemas [] []
[2021-09-22T21:19:19.986143+00:00] main_channel.INFO: Arranca el Hub  [] []
[2021-09-22T21:19:29.154362+00:00] main_channel.INFO: Se agregó un nuevo cliente con id de resource: 123 [] []
[2021-09-22T21:19:29.167897+00:00] main_channel.DEBUG: Se inicia un HandleMessage [] []
[2021-09-22T21:19:29.168075+00:00] main_channel.DEBUG: {"procedure":"GET_CHANNELS"} [] []
[2021-09-22T21:20:09.107166+00:00] main_channel.INFO: Arranca el Hub  [] []
[2021-09-22T21:20:20.884345+00:00] main_channel.INFO: Se agregó un nuevo cliente con id de resource: 123 [] []
[2021-09-22T21:20:20.893398+00:00] main_channel.DEBUG: Se inicia un HandleMessage [] []
[2021-09-22T21:20:20.893727+00:00] main_channel.DEBUG: {"procedure":"GET_CHANNELS"} [] []
[2021-09-22T21:29:41.515983+00:00] main_channel.INFO: Arranca el Hub  [] []
[2021-09-22T21:30:01.598787+00:00] main_channel.INFO: Se agregó un nuevo cliente con id de resource: 123 [] []
[2021-09-22T21:30:01.611245+00:00] main_channel.DEBUG: Se inicia un HandleMessage [] []
[2021-09-22T21:30:01.611471+00:00] main_channel.DEBUG: {"procedure":"ALL_CHANNELS"} [] []
[2021-09-22T21:30:21.026752+00:00] main_channel.INFO: Se agregó un nuevo cliente con id de resource: 156 [] []
[2021-09-22T21:30:21.033739+00:00] main_channel.DEBUG: Se inicia un HandleMessage [] []
[2021-09-22T21:30:21.033966+00:00] main_channel.DEBUG: {"procedure":"GET_CHANNEL","channel_id":12} [] []
[2021-09-22T21:31:10.802458+00:00] main_channel.INFO: Arranca el Hub  [] []
[2021-09-22T21:31:18.625861+00:00] main_channel.INFO: Se agregó un nuevo cliente con id de resource: 123 [] []
[2021-09-22T21:31:18.633857+00:00] main_channel.DEBUG: Se inicia un HandleMessage [] []
[2021-09-22T21:31:18.634237+00:00] main_channel.DEBUG: {"procedure":"GET_CHANNEL","channel_id":12} [] []
[2021-09-22T21:31:50.301905+00:00] main_channel.INFO: Arranca el Hub  [] []
[2021-09-22T21:31:53.440275+00:00] main_channel.INFO: Se agregó un nuevo cliente con id de resource: 123 [] []
[2021-09-22T21:31:53.449640+00:00] main_channel.DEBUG: Se inicia un HandleMessage [] []
[2021-09-22T21:31:53.449878+00:00] main_channel.DEBUG: {"procedure":"GET_CHANNEL","channel_id":12} [] []
[2021-09-22T21:32:03.573167+00:00] main_channel.INFO: Se agregó un nuevo cliente con id de resource: 156 [] []
[2021-09-22T21:32:03.584492+00:00] main_channel.DEBUG: Se inicia un HandleMessage [] []
[2021-09-22T21:32:03.584962+00:00] main_channel.DEBUG: {"procedure":"GET_CHANNEL","channel_id":12} [] []
[2021-09-22T21:32:29.216004+00:00] main_channel.INFO: Arranca el Hub  [] []
[2021-09-22T21:32:32.010564+00:00] main_channel.INFO: Se agregó un nuevo cliente con id de resource: 123 [] []
[2021-09-22T21:32:32.019153+00:00] main_channel.DEBUG: Se inicia un HandleMessage [] []
[2021-09-22T21:32:32.019513+00:00] main_channel.DEBUG: {"procedure":"GET_CHANNEL","channel_id":12} [] []
[2021-09-22T21:34:12.231388+00:00] main_channel.INFO: Se agregó un nuevo cliente con id de resource: 156 [] []
[2021-09-22T21:34:12.240162+00:00] main_channel.DEBUG: Se inicia un HandleMessage [] []
[2021-09-22T21:34:12.240532+00:00] main_channel.DEBUG: {"procedure":"ADD_MESSAGE","channel_id":12,"usuario_id":1,"text":"Ahora mismo estoy muriendo con una gripe terrible"} [] []
[2021-09-22T21:38:40.491270+00:00] main_channel.INFO: Arranca el Hub  [] []
[2021-09-22T21:38:54.909262+00:00] main_channel.INFO: Se agregó un nuevo cliente con id de resource: 123 [] []
[2021-09-22T21:38:54.919840+00:00] main_channel.DEBUG: Se inicia un HandleMessage [] []
[2021-09-22T21:38:54.920169+00:00] main_channel.DEBUG: {"procedure":"GET_CHANNEL","channel_id":12} [] []
[2021-09-22T21:40:04.447246+00:00] main_channel.INFO: Se agregó un nuevo cliente con id de resource: 156 [] []
[2021-09-22T21:40:04.458614+00:00] main_channel.DEBUG: Se inicia un HandleMessage [] []
[2021-09-22T21:40:04.458915+00:00] main_channel.DEBUG: {"procedure":"GET_CHANNEL","channel_id":12} [] []
[2021-09-22T21:40:26.985724+00:00] main_channel.INFO: Se agregó un nuevo cliente con id de resource: 159 [] []
[2021-09-22T21:40:26.993087+00:00] main_channel.DEBUG: Se inicia un HandleMessage [] []
[2021-09-22T21:40:26.993343+00:00] main_channel.DEBUG: {"procedure":"GET_CHANNEL","channel_id":12} [] []
[2021-09-22T21:40:42.556291+00:00] main_channel.INFO: Arranca el Hub  [] []
[2021-09-22T21:40:51.598906+00:00] main_channel.INFO: Se agregó un nuevo cliente con id de resource: 123 [] []
[2021-09-22T21:40:51.614387+00:00] main_channel.DEBUG: Se inicia un HandleMessage [] []
[2021-09-22T21:40:51.614597+00:00] main_channel.DEBUG: {"procedure":"GET_CHANNEL","channel_id":12} [] []
[2021-09-22T21:41:08.300102+00:00] main_channel.INFO: Se agregó un nuevo cliente con id de resource: 156 [] []
[2021-09-22T21:41:08.308726+00:00] main_channel.DEBUG: Se inicia un HandleMessage [] []
[2021-09-22T21:41:08.308997+00:00] main_channel.DEBUG: {"procedure":"GET_CHANNEL","channel_id":12} [] []
[2021-09-22T21:42:13.273371+00:00] main_channel.INFO: Arranca el Hub  [] []
[2021-09-22T21:42:15.786299+00:00] main_channel.INFO: Se agregó un nuevo cliente con id de resource: 123 [] []
[2021-09-22T21:42:20.974088+00:00] main_channel.DEBUG: Se inicia un HandleMessage [] []
[2021-09-22T21:42:20.974573+00:00] main_channel.DEBUG: {"procedure":"GET_CHANNEL","channel_id":12} [] []
[2021-09-22T21:44:00.260051+00:00] main_channel.INFO: Arranca el Hub  [] []
[2021-09-22T21:44:02.678195+00:00] main_channel.INFO: Se agregó un nuevo cliente con id de resource: 123 [] []
[2021-09-22T21:44:29.176254+00:00] main_channel.DEBUG: Se inicia un HandleMessage [] []
[2021-09-22T21:44:29.176754+00:00] main_channel.DEBUG: {"procedure":"GET_CHANNEL","channel_id":12} [] []
[2021-09-22T21:50:01.059337+00:00] main_channel.INFO: Arranca el Hub  [] []
[2021-09-22T21:50:09.459851+00:00] main_channel.INFO: Se agregó un nuevo cliente con id de resource: 123 [] []
[2021-09-22T21:50:09.467364+00:00] main_channel.DEBUG: Se inicia un HandleMessage [] []
[2021-09-22T21:50:09.467534+00:00] main_channel.DEBUG: {"procedure":"GET_CHANNEL","channel_id":12} [] []
[2021-09-22T21:52:57.470475+00:00] main_channel.INFO: Se agregó un nuevo cliente con id de resource: 156 [] []
[2021-09-22T21:52:57.478361+00:00] main_channel.DEBUG: Se inicia un HandleMessage [] []
[2021-09-22T21:52:57.478650+00:00] main_channel.DEBUG: {"procedure":"GET_CHANNEL","channel_id":12} [] []
[2021-09-22T21:54:37.959398+00:00] main_channel.INFO: Arranca el Hub  [] []
[2021-09-22T21:54:43.852285+00:00] main_channel.INFO: Se agregó un nuevo cliente con id de resource: 123 [] []
[2021-09-22T21:54:43.860245+00:00] main_channel.DEBUG: Se inicia un HandleMessage [] []
[2021-09-22T21:54:43.860445+00:00] main_channel.DEBUG: {"procedure":"GET_CHANNEL","channel_id":12} [] []
[2021-09-22T21:56:25.530182+00:00] main_channel.INFO: Arranca el Hub  [] []
[2021-09-22T21:56:29.035459+00:00] main_channel.INFO: Se agregó un nuevo cliente con id de resource: 123 [] []
[2021-09-22T21:56:29.043529+00:00] main_channel.DEBUG: Se inicia un HandleMessage [] []
[2021-09-22T21:56:29.043765+00:00] main_channel.DEBUG: {"procedure":"GET_CHANNEL","channel_id":12} [] []
