[2021-09-21T04:44:05.121759+00:00] main_logger.INFO: Arranca el Hub  [] []
[2021-09-21T04:45:02.804625+00:00] main_logger.INFO: Arranca el Hub  [] []
[2021-09-21T04:46:33.413100+00:00] main_logger.INFO: Arranca el Hub  [] []
[2021-09-21T04:49:45.748550+00:00] main_channel.INFO: Arranca el Hub  [] []
[2021-09-21T04:50:03.545016+00:00] main_channel.INFO: Se agregó un nuevo cliente con id de resource: 85 [] []
[2021-09-21T04:50:16.615951+00:00] main_channel.DEBUG: Llamada al procedimiento HandleMessage [] []
[2021-09-21T05:18:39.213383+00:00] main_channel.INFO: Arranca el Hub  [] []
[2021-09-21T05:32:44.142281+00:00] main_channel.INFO: Arranca el Hub  [] []
[2021-09-21T05:34:46.737033+00:00] main_channel.INFO: Arranca el Hub  [] []
[2021-09-21T05:44:47.438708+00:00] main_channel.INFO: Se agregó un nuevo cliente con id de resource: 140 [] []
[2021-09-21T05:45:11.547894+00:00] main_channel.DEBUG: Llamada al procedimiento HandleMessage [] []
[2021-09-21T05:46:20.129523+00:00] main_channel.INFO: Se agregó un nuevo cliente con id de resource: 172 [] []
[2021-09-21T05:46:36.951514+00:00] main_channel.DEBUG: Llamada al procedimiento HandleMessage [] []
[2021-09-21T05:47:08.562829+00:00] main_channel.INFO: Arranca el Hub  [] []
[2021-09-21T05:47:12.587771+00:00] main_channel.INFO: Se agregó un nuevo cliente con id de resource: 140 [] []
[2021-09-21T05:47:18.210564+00:00] main_channel.DEBUG: Llamada al procedimiento HandleMessage [] []
[2021-09-21T05:47:49.204616+00:00] main_channel.INFO: Arranca el Hub  [] []
[2021-09-21T05:47:51.624253+00:00] main_channel.INFO: Se agregó un nuevo cliente con id de resource: 140 [] []
[2021-09-21T05:47:59.847737+00:00] main_channel.DEBUG: Llamada al procedimiento HandleMessage [] []
[2021-09-21T05:48:43.914042+00:00] main_channel.INFO: Arranca el Hub  [] []
[2021-09-21T05:48:48.927912+00:00] main_channel.INFO: Se agregó un nuevo cliente con id de resource: 140 [] []
[2021-09-21T05:48:50.895948+00:00] main_channel.DEBUG: Llamada al procedimiento HandleMessage [] []
[2021-09-21T05:51:16.409007+00:00] main_channel.INFO: Arranca el Hub  [] []
[2021-09-21T05:51:24.409408+00:00] main_channel.INFO: Se agregó un nuevo cliente con id de resource: 140 [] []
[2021-09-21T05:51:26.558146+00:00] main_channel.DEBUG: Llamada al procedimiento HandleMessage [] []
[2021-09-21T05:51:57.409564+00:00] main_channel.INFO: Arranca el Hub  [] []
[2021-09-21T05:52:00.395323+00:00] main_channel.INFO: Se agregó un nuevo cliente con id de resource: 140 [] []
[2021-09-21T05:52:12.617617+00:00] main_channel.DEBUG: Llamada al procedimiento HandleMessage [] []
[2021-09-21T05:52:51.432743+00:00] main_channel.INFO: Arranca el Hub  [] []
[2021-09-21T05:52:55.812477+00:00] main_channel.INFO: Se agregó un nuevo cliente con id de resource: 140 [] []
[2021-09-21T05:53:01.110588+00:00] main_channel.DEBUG: Llamada al procedimiento HandleMessage [] []
[2021-09-21T06:01:38.617515+00:00] main_channel.INFO: Arranca el Hub  [] []
[2021-09-21T06:01:51.580704+00:00] main_channel.INFO: Se agregó un nuevo cliente con id de resource: 140 [] []
[2021-09-21T06:02:03.675298+00:00] main_channel.DEBUG: Llamada al procedimiento HandleMessage [] []
[2021-09-21T06:03:40.208860+00:00] main_channel.INFO: Arranca el Hub  [] []
[2021-09-21T06:03:44.390662+00:00] main_channel.INFO: Se agregó un nuevo cliente con id de resource: 140 [] []
[2021-09-21T06:03:46.423540+00:00] main_channel.DEBUG: Llamada al procedimiento HandleMessage [] []
[2021-09-21T06:04:15.138167+00:00] main_channel.INFO: Arranca el Hub  [] []
[2021-09-21T06:04:18.718074+00:00] main_channel.INFO: Se agregó un nuevo cliente con id de resource: 140 [] []
[2021-09-21T06:04:20.176365+00:00] main_channel.DEBUG: Llamada al procedimiento HandleMessage [] []
[2021-09-21T06:04:55.152899+00:00] main_channel.INFO: Arranca el Hub  [] []
[2021-09-21T06:04:59.478846+00:00] main_channel.INFO: Se agregó un nuevo cliente con id de resource: 140 [] []
[2021-09-21T06:05:01.490884+00:00] main_channel.DEBUG: Llamada al procedimiento HandleMessage [] []
[2021-09-21T06:26:45.422002+00:00] main_channel.INFO: Se agregó un nuevo cliente con id de resource: 186 [] []
[2021-09-21T06:26:45.434295+00:00] main_channel.DEBUG: Llamada al procedimiento HandleMessage [] []
[2021-09-21T06:33:36.744587+00:00] main_channel.INFO: Arranca el Hub  [] []
[2021-09-21T06:53:00.809029+00:00] main_channel.INFO: Se agregó un nuevo cliente con id de resource: 140 [] []
[2021-09-21T06:53:15.266868+00:00] main_channel.DEBUG: Llamada al procedimiento HandleMessage [] []
[2021-09-21T06:54:11.664187+00:00] main_channel.INFO: Se agregó un nuevo cliente con id de resource: 185 [] []
[2021-09-21T06:54:26.318965+00:00] main_channel.DEBUG: Llamada al procedimiento HandleMessage [] []
[2021-09-21T06:55:51.951632+00:00] main_channel.INFO: Arranca el Hub  [] []
[2021-09-21T06:56:29.373354+00:00] main_channel.INFO: Se agregó un nuevo cliente con id de resource: 140 [] []
[2021-09-21T06:56:32.741487+00:00] main_channel.DEBUG: Llamada al procedimiento HandleMessage [] []
[2021-09-21T07:32:39.036419+00:00] main_channel.INFO: Se agregó un nuevo cliente con id de resource: 185 [] []
[2021-09-21T07:32:39.055531+00:00] main_channel.DEBUG: Llamada al procedimiento HandleMessage [] []
[2021-09-21T07:33:18.925659+00:00] main_channel.INFO: Se agregó un nuevo cliente con id de resource: 188 [] []
[2021-09-21T07:33:18.934709+00:00] main_channel.DEBUG: Llamada al procedimiento HandleMessage [] []
[2021-09-21T07:33:51.414738+00:00] main_channel.INFO: Se agregó un nuevo cliente con id de resource: 191 [] []
[2021-09-21T07:33:51.423181+00:00] main_channel.DEBUG: Llamada al procedimiento HandleMessage [] []
[2021-09-21T07:34:45.249769+00:00] main_channel.INFO: Se agregó un nuevo cliente con id de resource: 194 [] []
[2021-09-21T07:34:45.258883+00:00] main_channel.DEBUG: Llamada al procedimiento HandleMessage [] []
[2021-09-21T07:35:57.814748+00:00] main_channel.INFO: Se agregó un nuevo cliente con id de resource: 197 [] []
[2021-09-21T07:35:57.821936+00:00] main_channel.DEBUG: Llamada al procedimiento HandleMessage [] []
[2021-09-21T07:38:47.494416+00:00] main_channel.INFO: Se agregó un nuevo cliente con id de resource: 200 [] []
[2021-09-21T07:38:47.503507+00:00] main_channel.DEBUG: Llamada al procedimiento HandleMessage [] []
[2021-09-21T07:41:07.918744+00:00] main_channel.INFO: Se agregó un nuevo cliente con id de resource: 203 [] []
[2021-09-21T07:41:07.928024+00:00] main_channel.DEBUG: Llamada al procedimiento HandleMessage [] []
[2021-09-21T18:37:23.341716+00:00] main_channel.INFO: Arranca el Hub  [] []
[2021-09-21T18:38:27.304724+00:00] main_channel.INFO: Se agregó un nuevo cliente con id de resource: 140 [] []
[2021-09-21T18:38:27.323359+00:00] main_channel.DEBUG: Se inicia un HandleMessage [] []
[2021-09-21T18:38:27.323664+00:00] main_channel.DEBUG: {"procedure":"GET_MESSAGES","channel_id":12} [] []
[2021-09-21T18:39:02.098586+00:00] main_channel.INFO: Arranca el Hub  [] []
[2021-09-21T18:39:31.352943+00:00] main_channel.INFO: Arranca el Hub  [] []
[2021-09-21T18:39:36.516342+00:00] main_channel.INFO: Se agregó un nuevo cliente con id de resource: 140 [] []
[2021-09-21T18:39:41.486846+00:00] main_channel.DEBUG: Se inicia un HandleMessage [] []
[2021-09-21T18:39:42.110323+00:00] main_channel.DEBUG: {"procedure":"GET_MESSAGES","channel_id":12} [] []
[2021-09-21T18:40:06.056174+00:00] main_channel.INFO: Arranca el Hub  [] []
[2021-09-21T18:40:09.625038+00:00] main_channel.INFO: Se agregó un nuevo cliente con id de resource: 140 [] []
[2021-09-21T18:40:15.831568+00:00] main_channel.DEBUG: Se inicia un HandleMessage [] []
[2021-09-21T18:40:15.831877+00:00] main_channel.DEBUG: {"procedure":"GET_MESSAGES","channel_id":12} [] []
[2021-09-21T18:43:44.822702+00:00] main_channel.INFO: Arranca el Hub  [] []
[2021-09-21T18:44:08.435883+00:00] main_channel.INFO: Se agregó un nuevo cliente con id de resource: 140 [] []
[2021-09-21T18:44:08.445450+00:00] main_channel.DEBUG: Se inicia un HandleMessage [] []
[2021-09-21T18:44:08.445793+00:00] main_channel.DEBUG: {"procedure":"GET_MESSAGES","channel_id":12} [] []
[2021-09-21T19:51:04.190510+00:00] main_channel.INFO: Arranca el Hub  [] []
[2021-09-21T19:51:10.356427+00:00] main_channel.INFO: Se agregó un nuevo cliente con id de resource: 140 [] []
[2021-09-21T19:51:10.373678+00:00] main_channel.DEBUG: Se inicia un HandleMessage [] []
[2021-09-21T19:51:10.374065+00:00] main_channel.DEBUG: {"procedure":"GET_MESSAGES","channel_id":12} [] []
[2021-09-21T19:51:51.053960+00:00] main_channel.INFO: Arranca el Hub  [] []
[2021-09-21T19:51:54.291528+00:00] main_channel.INFO: Se agregó un nuevo cliente con id de resource: 140 [] []
[2021-09-21T19:51:54.302348+00:00] main_channel.DEBUG: Se inicia un HandleMessage [] []
[2021-09-21T19:51:54.302582+00:00] main_channel.DEBUG: {"procedure":"GET_MESSAGES","channel_id":12} [] []
[2021-09-21T19:53:46.203740+00:00] main_channel.INFO: Arranca el Hub  [] []
[2021-09-21T19:53:50.891220+00:00] main_channel.INFO: Se agregó un nuevo cliente con id de resource: 140 [] []
[2021-09-21T19:53:50.900737+00:00] main_channel.DEBUG: Se inicia un HandleMessage [] []
[2021-09-21T19:53:50.901107+00:00] main_channel.DEBUG: {"procedure":"GET_MESSAGES","channel_id":12} [] []
[2021-09-21T19:55:05.347977+00:00] main_channel.INFO: Arranca el Hub  [] []
[2021-09-21T19:55:09.397011+00:00] main_channel.INFO: Se agregó un nuevo cliente con id de resource: 140 [] []
[2021-09-21T19:55:09.410945+00:00] main_channel.DEBUG: Se inicia un HandleMessage [] []
[2021-09-21T19:55:09.411304+00:00] main_channel.DEBUG: {"procedure":"GET_MESSAGES","channel_id":12} [] []
[2021-09-21T19:59:49.785310+00:00] main_channel.INFO: Arranca el Hub  [] []
[2021-09-21T20:17:10.666886+00:00] main_channel.INFO: Arranca el Hub  [] []
[2021-09-21T20:17:14.311314+00:00] main_channel.INFO: Se agregó un nuevo cliente con id de resource: 131 [] []
[2021-09-21T20:17:14.325122+00:00] main_channel.DEBUG: Se inicia un HandleMessage [] []
[2021-09-21T20:17:14.325655+00:00] main_channel.DEBUG: {"procedure":"GET_MESSAGES","channel_id":12} [] []
[2021-09-21T20:18:47.722162+00:00] main_channel.INFO: Arranca el Hub  [] []
[2021-09-21T20:18:54.703072+00:00] main_channel.INFO: Se agregó un nuevo cliente con id de resource: 131 [] []
[2021-09-21T20:18:54.714563+00:00] main_channel.DEBUG: Se inicia un HandleMessage [] []
[2021-09-21T20:18:54.714986+00:00] main_channel.DEBUG: {"procedure":"GET_MESSAGES","channel_id":12} [] []
[2021-09-21T20:20:58.613505+00:00] main_channel.INFO: Arranca el Hub  [] []
[2021-09-21T20:21:01.318072+00:00] main_channel.INFO: Se agregó un nuevo cliente con id de resource: 131 [] []
[2021-09-21T20:21:01.333297+00:00] main_channel.DEBUG: Se inicia un HandleMessage [] []
[2021-09-21T20:21:01.333685+00:00] main_channel.DEBUG: {"procedure":"GET_MESSAGES","channel_id":12} [] []
[2021-09-21T20:22:56.497396+00:00] main_channel.INFO: Arranca el Hub  [] []
[2021-09-21T20:23:02.764162+00:00] main_channel.INFO: Se agregó un nuevo cliente con id de resource: 131 [] []
[2021-09-21T20:23:02.779081+00:00] main_channel.DEBUG: Se inicia un HandleMessage [] []
[2021-09-21T20:23:02.779474+00:00] main_channel.DEBUG: {"procedure":"GET_MESSAGES","channel_id":12} [] []
[2021-09-21T20:23:36.012168+00:00] main_channel.INFO: Arranca el Hub  [] []
[2021-09-21T20:23:40.173460+00:00] main_channel.INFO: Se agregó un nuevo cliente con id de resource: 131 [] []
[2021-09-21T20:23:40.185352+00:00] main_channel.DEBUG: Se inicia un HandleMessage [] []
[2021-09-21T20:23:40.185828+00:00] main_channel.DEBUG: {"procedure":"GET_MESSAGES","channel_id":12} [] []
[2021-09-21T20:24:15.116398+00:00] main_channel.INFO: Arranca el Hub  [] []
[2021-09-21T20:24:17.878586+00:00] main_channel.INFO: Se agregó un nuevo cliente con id de resource: 131 [] []
[2021-09-21T20:24:17.889980+00:00] main_channel.DEBUG: Se inicia un HandleMessage [] []
[2021-09-21T20:24:17.890362+00:00] main_channel.DEBUG: {"procedure":"GET_MESSAGES","channel_id":12} [] []
[2021-09-21T21:46:12.101587+00:00] main_channel.INFO: Arranca el Hub  [] []
[2021-09-21T21:47:45.039437+00:00] main_channel.INFO: Arranca el Hub  [] []
[2021-09-21T21:49:55.951642+00:00] main_channel.INFO: Arranca el Hub  [] []
[2021-09-21T21:50:12.908551+00:00] main_channel.INFO: Arranca el Hub  [] []
