[2021-09-25T00:24:57.453438+00:00] main_channel.INFO: Arranca el Hub  [] []
[2021-09-25T00:27:43.955543+00:00] main_channel.INFO: Se agregó un nuevo cliente con id de resource: 127 [] []
[2021-09-25T00:28:00.290314+00:00] main_channel.INFO: Arranca el Hub  [] []
[2021-09-25T00:28:25.041114+00:00] main_channel.INFO: Se agregó un nuevo cliente con id de resource: 127 [] []
[2021-09-25T00:29:01.257535+00:00] main_channel.INFO: Arranca el Hub  [] []
[2021-09-25T00:29:08.587684+00:00] main_channel.INFO: Se agregó un nuevo cliente con id de resource: 127 [] []
[2021-09-25T00:29:18.840291+00:00] main_channel.DEBUG: Se inicia un HandleMessage [] []
[2021-09-25T00:29:18.840994+00:00] main_channel.DEBUG: {"procedure":"NEW_CHANNEL","channel_name":"channel_","usuarios":[{"usuario_id":1,"usuario_name":"Andr\u00e9s"},{"usuario_id":2,"usuario_name":"Adri\u00e1n"}]} [] []
[2021-09-25T00:30:19.224304+00:00] main_channel.INFO: Arranca el Hub  [] []
[2021-09-25T00:30:25.249496+00:00] main_channel.INFO: Se agregó un nuevo cliente con id de resource: 127 [] []
[2021-09-25T00:30:26.403484+00:00] main_channel.DEBUG: Se inicia un HandleMessage [] []
[2021-09-25T00:30:26.403880+00:00] main_channel.DEBUG: {"procedure":"NEW_CHANNEL","channel_name":"channel_","usuarios":[{"usuario_id":1,"usuario_name":"Andr\u00e9s"},{"usuario_id":2,"usuario_name":"Adri\u00e1n"}]} [] []
[2021-09-25T00:32:55.834557+00:00] main_channel.INFO: Arranca el Hub  [] []
[2021-09-25T00:33:04.066179+00:00] main_channel.INFO: Se agregó un nuevo cliente con id de resource: 127 [] []
[2021-09-25T00:33:09.498992+00:00] main_channel.DEBUG: Se inicia un HandleMessage [] []
[2021-09-25T00:33:09.499396+00:00] main_channel.DEBUG: {"procedure":"NEW_CHANNEL","channel_name":"channel_","usuarios":[{"usuario_id":1,"usuario_name":"Andr\u00e9s"},{"usuario_id":2,"usuario_name":"Adri\u00e1n"}]} [] []
[2021-09-25T00:34:02.372454+00:00] main_channel.INFO: Arranca el Hub  [] []
[2021-09-25T00:35:23.426666+00:00] main_channel.INFO: Se agregó un nuevo cliente con id de resource: 127 [] []
[2021-09-25T00:35:23.440227+00:00] main_channel.DEBUG: Se inicia un HandleMessage [] []
[2021-09-25T00:35:23.440584+00:00] main_channel.DEBUG: {"procedure":"NEW_CHANNEL","channel_name":"channel_el_puto_chinchorro","usuarios":[{"usuario_id":1,"usuario_name":"Andr\u00e9s"},{"usuario_id":2,"usuario_name":"Adri\u00e1n"}]} [] []
[2021-09-25T00:37:15.272928+00:00] main_channel.INFO: Arranca el Hub  [] []
[2021-09-25T00:37:19.056312+00:00] main_channel.INFO: Se agregó un nuevo cliente con id de resource: 127 [] []
[2021-09-25T00:37:19.070021+00:00] main_channel.DEBUG: Se inicia un HandleMessage [] []
[2021-09-25T00:37:19.070316+00:00] main_channel.DEBUG: {"procedure":"NEW_CHANNEL","channel_name":"channel_el_puto_chinchorro","usuarios":[{"usuario_id":1,"usuario_name":"Andr\u00e9s"},{"usuario_id":2,"usuario_name":"Adri\u00e1n"}]} [] []
[2021-09-25T00:39:16.118354+00:00] main_channel.INFO: Arranca el Hub  [] []
[2021-09-25T00:39:36.665122+00:00] main_channel.INFO: Se agregó un nuevo cliente con id de resource: 127 [] []
[2021-09-25T00:39:36.685471+00:00] main_channel.DEBUG: Se inicia un HandleMessage [] []
[2021-09-25T00:39:36.685769+00:00] main_channel.DEBUG: {"procedure":"NEW_CHANNEL","channel_name":"chavez_tambien_comia_mamon","usuarios":[{"usuario_id":1,"usuario_name":"Andr\u00e9s"},{"usuario_id":2,"usuario_name":"Adri\u00e1n"}]} [] []
[2021-09-25T00:50:49.997922+00:00] main_channel.INFO: Arranca el Hub  [] []
[2021-09-25T00:51:24.473282+00:00] main_channel.INFO: Se agregó un nuevo cliente con id de resource: 127 [] []
[2021-09-25T00:51:24.483862+00:00] main_channel.DEBUG: Se inicia un HandleMessage [] []
[2021-09-25T00:51:24.484168+00:00] main_channel.DEBUG: {"procedure":"NEW_CHANNEL","channel_name":"bien_verga","usuarios":[{"usuario_id":1,"usuario_name":"Andr\u00e9s"},{"usuario_id":2,"usuario_name":"Adri\u00e1n"}]} [] []
[2021-09-25T00:52:40.527984+00:00] main_channel.INFO: Arranca el Hub  [] []
[2021-09-25T00:53:17.189204+00:00] main_channel.INFO: Se agregó un nuevo cliente con id de resource: 127 [] []
[2021-09-25T00:53:17.204580+00:00] main_channel.DEBUG: Se inicia un HandleMessage [] []
[2021-09-25T00:53:17.204984+00:00] main_channel.DEBUG: {"procedure":"NEW_CHANNEL","channel_name":"filosofia_bien_verga","usuarios":[{"usuario_id":1,"usuario_name":"Andr\u00e9s"},{"usuario_id":2,"usuario_name":"Adri\u00e1n"}]} [] []
[2021-09-25T00:59:10.857513+00:00] main_channel.INFO: Arranca el Hub  [] []
[2021-09-25T00:59:20.145198+00:00] main_channel.INFO: Se agregó un nuevo cliente con id de resource: 127 [] []
[2021-09-25T00:59:20.158779+00:00] main_channel.DEBUG: Se inicia un HandleMessage [] []
[2021-09-25T00:59:20.159179+00:00] main_channel.DEBUG: {"procedure":"NEW_CHANNEL","channel_name":"filosofia_bien_verga","usuarios":[{"usuario_id":1,"usuario_name":"Andr\u00e9s"},{"usuario_id":2,"usuario_name":"Adri\u00e1n"}]} [] []
[2021-09-25T01:00:04.491096+00:00] main_channel.INFO: Arranca el Hub  [] []
[2021-09-25T01:00:29.571217+00:00] main_channel.INFO: Se agregó un nuevo cliente con id de resource: 127 [] []
[2021-09-25T01:00:29.582328+00:00] main_channel.DEBUG: Se inicia un HandleMessage [] []
[2021-09-25T01:00:29.582597+00:00] main_channel.DEBUG: {"procedure":"NEW_CHANNEL","channel_name":"filosofia_bien_verga","usuarios":[{"usuario_id":1,"usuario_name":"Andr\u00e9s"},{"usuario_id":2,"usuario_name":"Adri\u00e1n"}]} [] []
[2021-09-25T01:02:29.651638+00:00] main_channel.INFO: Arranca el Hub  [] []
[2021-09-25T01:02:30.567017+00:00] main_channel.INFO: Se agregó un nuevo cliente con id de resource: 127 [] []
[2021-09-25T01:02:30.581083+00:00] main_channel.DEBUG: Se inicia un HandleMessage [] []
[2021-09-25T01:02:30.581459+00:00] main_channel.DEBUG: {"procedure":"NEW_CHANNEL","channel_name":"filosofia_bien_verga","usuarios":[{"usuario_id":1,"usuario_name":"Andr\u00e9s"},{"usuario_id":2,"usuario_name":"Adri\u00e1n"}]} [] []
[2021-09-25T01:04:56.007192+00:00] main_channel.INFO: Arranca el Hub  [] []
[2021-09-25T01:05:14.960792+00:00] main_channel.INFO: Se agregó un nuevo cliente con id de resource: 127 [] []
[2021-09-25T01:05:14.974075+00:00] main_channel.DEBUG: Se inicia un HandleMessage [] []
[2021-09-25T01:05:14.974339+00:00] main_channel.DEBUG: {"procedure":"NEW_CHANNEL","channel_name":"filosofia_bien_verga","usuarios":[{"usuario_id":1,"usuario_name":"Andr\u00e9s"},{"usuario_id":2,"usuario_name":"Adri\u00e1n"}]} [] []
[2021-09-25T01:09:49.684394+00:00] main_channel.INFO: Arranca el Hub  [] []
[2021-09-25T01:10:11.075671+00:00] main_channel.INFO: Se agregó un nuevo cliente con id de resource: 127 [] []
[2021-09-25T01:10:11.087320+00:00] main_channel.DEBUG: Se inicia un HandleMessage [] []
[2021-09-25T01:10:11.087640+00:00] main_channel.DEBUG: {"procedure":"NEW_CHANNEL","channel_name":"ffrrfrfrfrfrfrfrfr","usuarios":[{"usuario_id":1,"usuario_name":"Andr\u00e9s"},{"usuario_id":2,"usuario_name":"Adri\u00e1n"}]} [] []
[2021-09-25T01:12:28.742588+00:00] main_channel.INFO: Arranca el Hub  [] []
[2021-09-25T01:12:36.421364+00:00] main_channel.INFO: Se agregó un nuevo cliente con id de resource: 127 [] []
[2021-09-25T01:12:36.435721+00:00] main_channel.DEBUG: Se inicia un HandleMessage [] []
[2021-09-25T01:12:36.436148+00:00] main_channel.DEBUG: {"procedure":"NEW_CHANNEL","channel_name":"jeronimo_abreu","usuarios":[{"usuario_id":1,"usuario_name":"Andr\u00e9s"},{"usuario_id":2,"usuario_name":"Adri\u00e1n"}]} [] []
[2021-09-25T01:16:07.850161+00:00] main_channel.INFO: Arranca el Hub  [] []
[2021-09-25T01:16:08.715640+00:00] main_channel.INFO: Se agregó un nuevo cliente con id de resource: 127 [] []
[2021-09-25T01:16:08.730226+00:00] main_channel.DEBUG: Se inicia un HandleMessage [] []
[2021-09-25T01:16:08.730637+00:00] main_channel.DEBUG: {"procedure":"NEW_CHANNEL","channel_name":"jeronimo_abreu","usuarios":[{"usuario_id":1,"usuario_name":"Andr\u00e9s"},{"usuario_id":2,"usuario_name":"Adri\u00e1n"}]} [] []
[2021-09-25T01:16:19.834083+00:00] main_channel.INFO: Arranca el Hub  [] []
[2021-09-25T01:16:36.801242+00:00] main_channel.INFO: Se agregó un nuevo cliente con id de resource: 127 [] []
[2021-09-25T01:16:36.821452+00:00] main_channel.DEBUG: Se inicia un HandleMessage [] []
[2021-09-25T01:16:36.822142+00:00] main_channel.DEBUG: {"procedure":"NEW_CHANNEL","channel_name":"jeronimo_abreu","usuarios":[{"usuario_id":1,"usuario_name":"Andr\u00e9s"},{"usuario_id":2,"usuario_name":"Adri\u00e1n"}]} [] []
[2021-09-25T01:17:48.143398+00:00] main_channel.INFO: Arranca el Hub  [] []
[2021-09-25T01:41:24.906117+00:00] main_channel.INFO: Arranca el Hub  [] []
[2021-09-25T01:41:57.715351+00:00] main_channel.INFO: Se agregó un nuevo cliente con id de resource: 127 [] []
[2021-09-25T01:41:57.732952+00:00] main_channel.DEBUG: Se inicia un HandleMessage [] []
[2021-09-25T01:41:57.733147+00:00] main_channel.DEBUG: {"procedure":"NEW_CHANNEL","channel_name":"jeronimo_abreu","usuarios":[{"user_id":1,"user_name":"Andr\u00e9s"},{"user_id":2,"user_name":"Adri\u00e1n"}]} [] []
[2021-09-25T01:43:23.579261+00:00] main_channel.INFO: Arranca el Hub  [] []
[2021-09-25T01:43:38.129389+00:00] main_channel.INFO: Se agregó un nuevo cliente con id de resource: 127 [] []
[2021-09-25T01:43:38.137449+00:00] main_channel.DEBUG: Se inicia un HandleMessage [] []
[2021-09-25T01:43:38.137811+00:00] main_channel.DEBUG: {"procedure":"NEW_CHANNEL","channel_name":"jeronimo_abreu","usuarios":[{"user_id":1,"user_name":"Andr\u00e9s"},{"user_id":2,"user_name":"Adri\u00e1n"}]} [] []
[2021-09-25T01:45:55.152294+00:00] main_channel.INFO: Arranca el Hub  [] []
[2021-09-25T01:46:25.690173+00:00] main_channel.INFO: Se agregó un nuevo cliente con id de resource: 127 [] []
[2021-09-25T01:46:25.704203+00:00] main_channel.DEBUG: Se inicia un HandleMessage [] []
[2021-09-25T01:46:25.704423+00:00] main_channel.DEBUG: {"procedure":"NEW_CHANNEL","channel_name":"bifurcaci\u00f3n","usuarios":[{"user_id":1,"user_name":"Andr\u00e9s"},{"user_id":2,"user_name":"Adri\u00e1n"}]} [] []
[2021-09-25T01:48:33.931573+00:00] main_channel.INFO: Arranca el Hub  [] []
[2021-09-25T01:48:54.501857+00:00] main_channel.INFO: Se agregó un nuevo cliente con id de resource: 127 [] []
[2021-09-25T01:48:54.514886+00:00] main_channel.DEBUG: Se inicia un HandleMessage [] []
[2021-09-25T01:48:54.515179+00:00] main_channel.DEBUG: {"procedure":"NEW_CHANNEL","channel_name":"bifurcaci\u00f3n","usuarios":[{"user_id":1,"user_name":"Andr\u00e9s"},{"user_id":2,"user_name":"Adri\u00e1n"}]} [] []
[2021-09-25T01:49:52.238461+00:00] main_channel.INFO: Arranca el Hub  [] []
[2021-09-25T01:49:57.387580+00:00] main_channel.INFO: Se agregó un nuevo cliente con id de resource: 127 [] []
[2021-09-25T01:49:57.409545+00:00] main_channel.DEBUG: Se inicia un HandleMessage [] []
[2021-09-25T01:49:57.409924+00:00] main_channel.DEBUG: {"procedure":"NEW_CHANNEL","channel_name":"bifurcaci\u00f3n","usuarios":[{"user_id":1,"user_name":"Andr\u00e9s"},{"user_id":2,"user_name":"Adri\u00e1n"}]} [] []
[2021-09-25T01:50:27.214559+00:00] main_channel.DEBUG: Se creó el channel sin problemas [] []
[2021-09-25T04:00:13.993924+00:00] main_channel.INFO: Arranca el Hub  [] []
[2021-09-25T04:01:10.838237+00:00] main_channel.INFO: Se agregó un nuevo cliente con id de resource: 127 [] []
[2021-09-25T04:01:10.856315+00:00] main_channel.DEBUG: Se inicia un HandleMessage [] []
[2021-09-25T04:01:10.856605+00:00] main_channel.DEBUG: {"procedure":"NEW_CHANNEL","channel_name":"evangelion","usuarios":[{"user_id":1,"user_name":"Andr\u00e9s"},{"user_id":2,"user_name":"Adri\u00e1n"}]} [] []
[2021-09-25T04:04:36.651984+00:00] main_channel.INFO: Arranca el Hub  [] []
[2021-09-25T04:05:19.339543+00:00] main_channel.INFO: Se agregó un nuevo cliente con id de resource: 127 [] []
[2021-09-25T04:05:19.353438+00:00] main_channel.DEBUG: Se inicia un HandleMessage [] []
[2021-09-25T04:05:19.353615+00:00] main_channel.DEBUG: {"procedure":"NEW_CHANNEL","channel_name":"evangelion 2","usuarios":[{"user_id":1,"user_name":"Andr\u00e9s"},{"user_id":2,"user_name":"Adri\u00e1n"}]} [] []
