[2021-09-23T00:04:38.742640+00:00] main_channel.INFO: Arranca el Hub  [] []
[2021-09-23T00:11:00.473224+00:00] main_channel.INFO: Se agreg贸 un nuevo cliente con id de resource: 120 [] []
[2021-09-23T00:11:00.504038+00:00] main_channel.DEBUG: Se inicia un HandleMessage [] []
[2021-09-23T00:11:00.504569+00:00] main_channel.DEBUG: {"procedure":"NEW_CHANNEL","channel_name":"adrian_andres"} [] []
[2021-09-23T00:11:00.532068+00:00] main_channel.DEBUG: Se cre贸 el channel sin problemas [] []
[2021-09-23T00:12:41.951016+00:00] main_channel.INFO: Se agreg贸 un nuevo cliente con id de resource: 153 [] []
[2021-09-23T00:12:41.965924+00:00] main_channel.DEBUG: Se inicia un HandleMessage [] []
[2021-09-23T00:12:41.966143+00:00] main_channel.DEBUG: {"procedure":"GET_CHANNEL","channel_id":12} [] []
[2021-09-23T00:13:59.921403+00:00] main_channel.INFO: Se agreg贸 un nuevo cliente con id de resource: 156 [] []
[2021-09-23T00:13:59.936600+00:00] main_channel.DEBUG: Se inicia un HandleMessage [] []
[2021-09-23T00:13:59.936902+00:00] main_channel.DEBUG: {"procedure":"ADD_MESSAGE","channel_id":12,"usuario_id":1,"text":"Las margaritas son blancas"} [] []
[2021-09-23T01:01:44.178384+00:00] main_channel.INFO: Se agreg贸 un nuevo cliente con id de resource: 169 [] []
[2021-09-23T01:01:44.447786+00:00] main_channel.DEBUG: Se inicia un HandleMessage [] []
[2021-09-23T01:01:44.448028+00:00] main_channel.DEBUG: Mi nombre es John [] []
[2021-09-23T01:02:22.345495+00:00] main_channel.INFO: Arranca el Hub  [] []
[2021-09-23T01:03:29.474061+00:00] main_channel.INFO: Se agreg贸 un nuevo cliente con id de resource: 120 [] []
[2021-09-23T01:03:45.250011+00:00] main_channel.DEBUG: Se inicia un HandleMessage [] []
[2021-09-23T01:03:45.250201+00:00] main_channel.DEBUG: Mi nombre es John [] []
[2021-09-23T01:06:58.788291+00:00] main_channel.INFO: Se agreg贸 un nuevo cliente con id de resource: 152 [] []
[2021-09-23T01:20:32.823424+00:00] main_channel.DEBUG: Se inicia un HandleMessage [] []
[2021-09-23T01:20:32.823601+00:00] main_channel.DEBUG: Mi nombre es John [] []
[2021-09-23T01:20:34.144231+00:00] main_channel.INFO: Se agreg贸 un nuevo cliente con id de resource: 155 [] []
[2021-09-23T01:20:43.984069+00:00] main_channel.DEBUG: Se inicia un HandleMessage [] []
[2021-09-23T01:20:43.984340+00:00] main_channel.DEBUG: Mi nombre es John [] []
[2021-09-23T01:20:51.988819+00:00] main_channel.INFO: Se agreg贸 un nuevo cliente con id de resource: 158 [] []
[2021-09-23T01:21:05.835114+00:00] main_channel.DEBUG: Se inicia un HandleMessage [] []
[2021-09-23T01:21:05.835282+00:00] main_channel.DEBUG: Mi nombre es John [] []
[2021-09-23T01:21:08.281846+00:00] main_channel.INFO: Se agreg贸 un nuevo cliente con id de resource: 161 [] []
[2021-09-23T01:21:10.667147+00:00] main_channel.DEBUG: Se inicia un HandleMessage [] []
[2021-09-23T01:21:10.667360+00:00] main_channel.DEBUG: Mi nombre es John [] []
[2021-09-23T01:21:33.253384+00:00] main_channel.INFO: Se agreg贸 un nuevo cliente con id de resource: 164 [] []
[2021-09-23T01:21:33.484070+00:00] main_channel.DEBUG: Se inicia un HandleMessage [] []
[2021-09-23T01:21:33.484238+00:00] main_channel.DEBUG: Mi nombre es John [] []
[2021-09-23T01:22:06.098587+00:00] main_channel.INFO: Se agreg贸 un nuevo cliente con id de resource: 167 [] []
[2021-09-23T01:22:06.324883+00:00] main_channel.DEBUG: Se inicia un HandleMessage [] []
[2021-09-23T01:22:06.325083+00:00] main_channel.DEBUG: Mi nombre es John [] []
[2021-09-23T01:22:32.785678+00:00] main_channel.INFO: Se agreg贸 un nuevo cliente con id de resource: 170 [] []
[2021-09-23T01:22:33.147918+00:00] main_channel.DEBUG: Se inicia un HandleMessage [] []
[2021-09-23T01:22:33.148156+00:00] main_channel.DEBUG: Mi nombre es John [] []
[2021-09-23T01:23:12.004846+00:00] main_channel.INFO: Arranca el Hub  [] []
[2021-09-23T01:24:24.658291+00:00] main_channel.INFO: Se agreg贸 un nuevo cliente con id de resource: 120 [] []
[2021-09-23T01:24:24.885614+00:00] main_channel.DEBUG: Se inicia un HandleMessage [] []
[2021-09-23T01:24:24.885805+00:00] main_channel.DEBUG: {"procedure":"NEW_CHANNEL","channel_name":"Adri谩n Salvatori"} [] []
[2021-09-23T01:24:24.895119+00:00] main_channel.DEBUG: Se cre贸 el channel sin problemas [] []
[2021-09-23T01:25:12.282014+00:00] main_channel.INFO: Se agreg贸 un nuevo cliente con id de resource: 153 [] []
[2021-09-23T01:25:12.504624+00:00] main_channel.DEBUG: Se inicia un HandleMessage [] []
[2021-09-23T01:25:12.504904+00:00] main_channel.DEBUG: {"procedure":"NEW_CHANNEL","channel_name":"Adri谩n Salvatori"} [] []
[2021-09-23T01:25:12.508883+00:00] main_channel.DEBUG: Se cre贸 el channel sin problemas [] []
[2021-09-23T01:25:22.645642+00:00] main_channel.INFO: Se agreg贸 un nuevo cliente con id de resource: 156 [] []
[2021-09-23T01:25:22.995479+00:00] main_channel.DEBUG: Se inicia un HandleMessage [] []
[2021-09-23T01:25:22.995715+00:00] main_channel.DEBUG: {"procedure":"NEW_CHANNEL","channel_name":"Adri谩n Salvatori"} [] []
[2021-09-23T01:25:22.998973+00:00] main_channel.DEBUG: Se cre贸 el channel sin problemas [] []
[2021-09-23T01:25:54.990079+00:00] main_channel.INFO: Se agreg贸 un nuevo cliente con id de resource: 159 [] []
[2021-09-23T01:25:55.228982+00:00] main_channel.DEBUG: Se inicia un HandleMessage [] []
[2021-09-23T01:25:55.229226+00:00] main_channel.DEBUG: {"procedure":"GET_CHANNEL","channel_id":12} [] []
[2021-09-23T01:26:05.575057+00:00] main_channel.INFO: Se agreg贸 un nuevo cliente con id de resource: 162 [] []
[2021-09-23T01:26:05.803771+00:00] main_channel.DEBUG: Se inicia un HandleMessage [] []
[2021-09-23T01:26:05.804049+00:00] main_channel.DEBUG: {"procedure":"GET_CHANNEL","channel_id":12} [] []
[2021-09-23T01:27:33.770354+00:00] main_channel.INFO: Se agreg贸 un nuevo cliente con id de resource: 165 [] []
[2021-09-23T01:27:34.002865+00:00] main_channel.DEBUG: Se inicia un HandleMessage [] []
[2021-09-23T01:27:34.003069+00:00] main_channel.DEBUG: {"procedure":"GET_CHANNEL","channel_id":12} [] []
[2021-09-23T01:27:36.409057+00:00] main_channel.INFO: Se agreg贸 un nuevo cliente con id de resource: 168 [] []
[2021-09-23T01:27:36.651000+00:00] main_channel.DEBUG: Se inicia un HandleMessage [] []
[2021-09-23T01:27:36.651214+00:00] main_channel.DEBUG: {"procedure":"GET_CHANNEL","channel_id":12} [] []
[2021-09-23T01:29:38.745250+00:00] main_channel.DEBUG: Se inicia un HandleMessage [] []
[2021-09-23T01:29:38.745420+00:00] main_channel.DEBUG: Adri谩n Estuvo aqu铆  [] []
[2021-09-23T01:29:51.519262+00:00] main_channel.INFO: Se agreg贸 un nuevo cliente con id de resource: 171 [] []
[2021-09-23T01:29:51.854248+00:00] main_channel.DEBUG: Se inicia un HandleMessage [] []
[2021-09-23T01:29:51.854456+00:00] main_channel.DEBUG: {"procedure":"GET_CHANNEL","channel_id":12} [] []
[2021-09-23T01:32:05.944182+00:00] main_channel.INFO: Se agreg贸 un nuevo cliente con id de resource: 174 [] []
[2021-09-23T01:32:06.270707+00:00] main_channel.DEBUG: Se inicia un HandleMessage [] []
[2021-09-23T01:32:06.270936+00:00] main_channel.DEBUG: {"procedure":"GET_CHANNEL","channel_id":12} [] []
[2021-09-23T01:32:12.422445+00:00] main_channel.DEBUG: Se inicia un HandleMessage [] []
[2021-09-23T01:32:12.422615+00:00] main_channel.DEBUG: {"procedure":"ADD_MESSAGE","channel_id":12,"usuario_id":2,"text":"Adri谩n Estuvo aqu铆 "} [] []
[2021-09-23T01:32:19.665353+00:00] main_channel.INFO: Se agreg贸 un nuevo cliente con id de resource: 177 [] []
[2021-09-23T01:32:19.892369+00:00] main_channel.DEBUG: Se inicia un HandleMessage [] []
[2021-09-23T01:32:19.892538+00:00] main_channel.DEBUG: {"procedure":"GET_CHANNEL","channel_id":12} [] []
[2021-09-23T01:32:46.665921+00:00] main_channel.DEBUG: Se inicia un HandleMessage [] []
[2021-09-23T01:32:46.666142+00:00] main_channel.DEBUG: {"procedure":"ADD_MESSAGE","channel_id":12,"usuario_id":2,"text":"Adri谩n Estuvo aqu铆 "} [] []
[2021-09-23T01:33:39.157529+00:00] main_channel.INFO: Se agreg贸 un nuevo cliente con id de resource: 180 [] []
[2021-09-23T01:33:39.407663+00:00] main_channel.DEBUG: Se inicia un HandleMessage [] []
[2021-09-23T01:33:39.408022+00:00] main_channel.DEBUG: {"procedure":"GET_CHANNEL","channel_id":12} [] []
[2021-09-23T01:33:58.405055+00:00] main_channel.INFO: Se agreg贸 un nuevo cliente con id de resource: 183 [] []
[2021-09-23T01:33:58.745464+00:00] main_channel.DEBUG: Se inicia un HandleMessage [] []
[2021-09-23T01:33:58.745674+00:00] main_channel.DEBUG: {"procedure":"GET_CHANNEL","channel_id":12} [] []
[2021-09-23T01:34:02.395296+00:00] main_channel.DEBUG: Se inicia un HandleMessage [] []
[2021-09-23T01:34:02.395513+00:00] main_channel.DEBUG: {"procedure":"ADD_MESSAGE","channel_id":12,"usuario_id":2,"text":"Adri谩n Estuvo aqu铆 "} [] []
[2021-09-23T01:34:28.437745+00:00] main_channel.INFO: Se agreg贸 un nuevo cliente con id de resource: 186 [] []
[2021-09-23T01:34:28.653356+00:00] main_channel.DEBUG: Se inicia un HandleMessage [] []
[2021-09-23T01:34:28.653568+00:00] main_channel.DEBUG: {"procedure":"GET_CHANNEL","channel_id":12} [] []
[2021-09-23T01:35:16.765506+00:00] main_channel.INFO: Se agreg贸 un nuevo cliente con id de resource: 189 [] []
[2021-09-23T01:35:16.990275+00:00] main_channel.DEBUG: Se inicia un HandleMessage [] []
[2021-09-23T01:35:16.990451+00:00] main_channel.DEBUG: {"procedure":"GET_CHANNEL","channel_id":12} [] []
[2021-09-23T01:35:40.127709+00:00] main_channel.INFO: Se agreg贸 un nuevo cliente con id de resource: 194 [] []
[2021-09-23T01:35:40.361541+00:00] main_channel.DEBUG: Se inicia un HandleMessage [] []
[2021-09-23T01:35:40.361708+00:00] main_channel.DEBUG: {"procedure":"GET_CHANNEL","channel_id":12} [] []
[2021-09-23T01:35:55.427422+00:00] main_channel.INFO: Se agreg贸 un nuevo cliente con id de resource: 197 [] []
[2021-09-23T01:35:55.656308+00:00] main_channel.DEBUG: Se inicia un HandleMessage [] []
[2021-09-23T01:35:55.656515+00:00] main_channel.DEBUG: {"procedure":"GET_CHANNEL","channel_id":12} [] []
[2021-09-23T01:35:58.689889+00:00] main_channel.DEBUG: Se inicia un HandleMessage [] []
[2021-09-23T01:35:58.690105+00:00] main_channel.DEBUG: {"procedure":"ADD_MESSAGE","channel_id":12,"usuario_id":2,"text":"Adri谩n Estuvo aqu铆 "} [] []
[2021-09-23T01:37:55.524783+00:00] main_channel.INFO: Arranca el Hub  [] []
[2021-09-23T01:39:31.454653+00:00] main_channel.INFO: Se agreg贸 un nuevo cliente con id de resource: 120 [] []
[2021-09-23T01:39:31.688699+00:00] main_channel.DEBUG: Se inicia un HandleMessage [] []
[2021-09-23T01:39:31.688892+00:00] main_channel.DEBUG: {"procedure":"GET_CHANNEL","channel_id":12} [] []
[2021-09-23T01:39:38.322198+00:00] main_channel.DEBUG: Se inicia un HandleMessage [] []
[2021-09-23T01:39:38.322509+00:00] main_channel.DEBUG: {"procedure":"ADD_MESSAGE","channel_id":12,"usuario_id":2,"text":"Adri谩n Estuvo aqu铆 "} [] []
[2021-09-23T01:40:24.223006+00:00] main_channel.DEBUG: Se inicia un HandleMessage [] []
[2021-09-23T01:40:24.223226+00:00] main_channel.DEBUG: {"procedure":"ADD_MESSAGE","channel_id":12,"usuario_id":2,"text":"Adri谩n Estuvo aqu铆 "} [] []
[2021-09-23T01:41:20.431334+00:00] main_channel.INFO: Se agreg贸 un nuevo cliente con id de resource: 153 [] []
[2021-09-23T01:41:20.452630+00:00] main_channel.DEBUG: Se inicia un HandleMessage [] []
[2021-09-23T01:41:20.452884+00:00] main_channel.DEBUG: {"procedure":"ADD_MESSAGE","channel_id":12,"usuario_id":1,"text":"Esta es una prueba de andres"} [] []
[2021-09-23T01:41:38.106185+00:00] main_channel.INFO: Se agreg贸 un nuevo cliente con id de resource: 156 [] []
[2021-09-23T01:41:38.321969+00:00] main_channel.DEBUG: Se inicia un HandleMessage [] []
[2021-09-23T01:41:38.322208+00:00] main_channel.DEBUG: {"procedure":"GET_CHANNEL","channel_id":12} [] []
[2021-09-23T01:43:57.053988+00:00] main_channel.INFO: Se agreg贸 un nuevo cliente con id de resource: 159 [] []
[2021-09-23T01:43:57.270041+00:00] main_channel.DEBUG: Se inicia un HandleMessage [] []
[2021-09-23T01:43:57.270252+00:00] main_channel.DEBUG: {"procedure":"GET_CHANNEL","channel_id":12} [] []
[2021-09-23T01:45:23.869367+00:00] main_channel.INFO: Se agreg贸 un nuevo cliente con id de resource: 162 [] []
[2021-09-23T01:45:24.203308+00:00] main_channel.DEBUG: Se inicia un HandleMessage [] []
[2021-09-23T01:45:24.204191+00:00] main_channel.DEBUG: {"procedure":"GET_CHANNEL","channel_id":12} [] []
[2021-09-23T01:46:27.622079+00:00] main_channel.INFO: Se agreg贸 un nuevo cliente con id de resource: 165 [] []
[2021-09-23T01:46:27.843091+00:00] main_channel.DEBUG: Se inicia un HandleMessage [] []
[2021-09-23T01:46:27.843344+00:00] main_channel.DEBUG: {"procedure":"GET_CHANNEL","channel_id":12} [] []
[2021-09-23T01:46:45.059717+00:00] main_channel.INFO: Se agreg贸 un nuevo cliente con id de resource: 168 [] []
[2021-09-23T01:46:45.287299+00:00] main_channel.DEBUG: Se inicia un HandleMessage [] []
[2021-09-23T01:46:45.287530+00:00] main_channel.DEBUG: {"procedure":"GET_CHANNEL","channel_id":12} [] []
[2021-09-23T01:46:49.499436+00:00] main_channel.DEBUG: Se inicia un HandleMessage [] []
[2021-09-23T01:46:49.499699+00:00] main_channel.DEBUG: {"procedure":"ADD_MESSAGE","channel_id":12,"usuario_id":2,"text":"Adri谩n Estuvo aqu铆 "} [] []
[2021-09-23T01:47:07.341842+00:00] main_channel.INFO: Se agreg贸 un nuevo cliente con id de resource: 171 [] []
[2021-09-23T01:47:07.571890+00:00] main_channel.DEBUG: Se inicia un HandleMessage [] []
[2021-09-23T01:47:07.572102+00:00] main_channel.DEBUG: {"procedure":"GET_CHANNEL","channel_id":12} [] []
[2021-09-23T01:47:14.494516+00:00] main_channel.DEBUG: Se inicia un HandleMessage [] []
[2021-09-23T01:47:14.494730+00:00] main_channel.DEBUG: {"procedure":"ADD_MESSAGE","channel_id":12,"usuario_id":2,"text":"Adri谩n Estuvo aqu铆 "} [] []
[2021-09-23T01:48:12.178240+00:00] main_channel.INFO: Se agreg贸 un nuevo cliente con id de resource: 174 [] []
[2021-09-23T01:48:12.599307+00:00] main_channel.DEBUG: Se inicia un HandleMessage [] []
[2021-09-23T01:48:12.599810+00:00] main_channel.DEBUG: {"procedure":"GET_CHANNEL","channel_id":12} [] []
[2021-09-23T01:48:25.171298+00:00] main_channel.INFO: Se agreg贸 un nuevo cliente con id de resource: 177 [] []
[2021-09-23T01:48:25.473973+00:00] main_channel.DEBUG: Se inicia un HandleMessage [] []
[2021-09-23T01:48:25.474256+00:00] main_channel.DEBUG: {"procedure":"GET_CHANNEL","channel_id":12} [] []
[2021-09-23T01:48:28.988521+00:00] main_channel.DEBUG: Se inicia un HandleMessage [] []
[2021-09-23T01:48:28.988726+00:00] main_channel.DEBUG: {"procedure":"ADD_MESSAGE","channel_id":12,"usuario_id":2,"text":"Adri谩n Estuvo aqu铆 "} [] []
[2021-09-23T01:48:42.157897+00:00] main_channel.INFO: Se agreg贸 un nuevo cliente con id de resource: 180 [] []
[2021-09-23T01:48:42.386645+00:00] main_channel.DEBUG: Se inicia un HandleMessage [] []
[2021-09-23T01:48:42.386852+00:00] main_channel.DEBUG: {"procedure":"GET_CHANNEL","channel_id":12} [] []
[2021-09-23T01:53:20.929270+00:00] main_channel.INFO: Arranca el Hub  [] []
[2021-09-23T01:53:27.103160+00:00] main_channel.INFO: Se agreg贸 un nuevo cliente con id de resource: 120 [] []
[2021-09-23T01:53:27.345084+00:00] main_channel.DEBUG: Se inicia un HandleMessage [] []
[2021-09-23T01:53:27.345450+00:00] main_channel.DEBUG: {"procedure":"GET_CHANNEL","channel_id":12} [] []
[2021-09-23T01:53:37.043404+00:00] main_channel.DEBUG: Se inicia un HandleMessage [] []
[2021-09-23T01:53:37.043944+00:00] main_channel.DEBUG: {"procedure":"ADD_MESSAGE","channel_id":12,"usuario_id":2,"text":"Adri谩n Estuvo aqu铆 "} [] []
[2021-09-23T01:55:22.345973+00:00] main_channel.INFO: Arranca el Hub  [] []
[2021-09-23T01:55:39.619656+00:00] main_channel.INFO: Se agreg贸 un nuevo cliente con id de resource: 120 [] []
[2021-09-23T01:55:39.638957+00:00] main_channel.DEBUG: Se inicia un HandleMessage [] []
[2021-09-23T01:55:39.639316+00:00] main_channel.DEBUG: {"procedure":"ADD_MESSAGE","channel_id":12,"usuario_id":1,"text":"Adrian si jode"} [] []
[2021-09-23T01:56:40.378604+00:00] main_channel.INFO: Se agreg贸 un nuevo cliente con id de resource: 153 [] []
[2021-09-23T01:56:40.632153+00:00] main_channel.DEBUG: Se inicia un HandleMessage [] []
[2021-09-23T01:56:40.632814+00:00] main_channel.DEBUG: {"procedure":"GET_CHANNEL","channel_id":12} [] []
[2021-09-23T01:56:43.461085+00:00] main_channel.DEBUG: Se inicia un HandleMessage [] []
[2021-09-23T01:56:43.461522+00:00] main_channel.DEBUG: {"procedure":"ADD_MESSAGE","channel_id":12,"usuario_id":2,"text":"Adri谩n Estuvo aqu铆 "} [] []
[2021-09-23T01:58:25.985893+00:00] main_channel.INFO: Se agreg贸 un nuevo cliente con id de resource: 156 [] []
[2021-09-23T01:58:26.270079+00:00] main_channel.DEBUG: Se inicia un HandleMessage [] []
[2021-09-23T01:58:26.270415+00:00] main_channel.DEBUG: {"procedure":"GET_CHANNEL","channel_id":12} [] []
[2021-09-23T01:58:32.150665+00:00] main_channel.DEBUG: Se inicia un HandleMessage [] []
[2021-09-23T01:58:32.151007+00:00] main_channel.DEBUG: {"procedure":"ADD_MESSAGE","channel_id":12,"usuario_id":2,"text":"Adri谩n Estuvo aqu铆 "} [] []
[2021-09-23T01:59:05.472311+00:00] main_channel.INFO: Se agreg贸 un nuevo cliente con id de resource: 159 [] []
[2021-09-23T01:59:05.701684+00:00] main_channel.DEBUG: Se inicia un HandleMessage [] []
[2021-09-23T01:59:05.702087+00:00] main_channel.DEBUG: {"procedure":"GET_CHANNEL","channel_id":12} [] []
[2021-09-23T01:59:24.473939+00:00] main_channel.INFO: Se agreg贸 un nuevo cliente con id de resource: 162 [] []
[2021-09-23T01:59:24.724867+00:00] main_channel.DEBUG: Se inicia un HandleMessage [] []
[2021-09-23T01:59:24.725392+00:00] main_channel.DEBUG: {"procedure":"GET_CHANNEL","channel_id":12} [] []
[2021-09-23T01:59:27.158864+00:00] main_channel.DEBUG: Se inicia un HandleMessage [] []
[2021-09-23T01:59:27.159203+00:00] main_channel.DEBUG: {"procedure":"ADD_MESSAGE","channel_id":12,"usuario_id":2,"text":"Adri谩n Estuvo aqu铆 "} [] []
[2021-09-23T01:59:58.387717+00:00] main_channel.INFO: Se agreg贸 un nuevo cliente con id de resource: 165 [] []
[2021-09-23T01:59:58.623196+00:00] main_channel.DEBUG: Se inicia un HandleMessage [] []
[2021-09-23T01:59:58.623529+00:00] main_channel.DEBUG: {"procedure":"GET_CHANNEL","channel_id":12} [] []
[2021-09-23T02:00:07.413350+00:00] main_channel.DEBUG: Se inicia un HandleMessage [] []
[2021-09-23T02:00:07.413724+00:00] main_channel.DEBUG: {"procedure":"ADD_MESSAGE","channel_id":12,"usuario_id":2,"text":"Adri谩n Estuvo aqu铆 "} [] []
[2021-09-23T02:01:25.829919+00:00] main_channel.INFO: Se agreg贸 un nuevo cliente con id de resource: 168 [] []
[2021-09-23T02:01:26.056408+00:00] main_channel.DEBUG: Se inicia un HandleMessage [] []
[2021-09-23T02:01:26.056777+00:00] main_channel.DEBUG: {"procedure":"GET_CHANNEL","channel_id":12} [] []
[2021-09-23T02:01:28.296865+00:00] main_channel.DEBUG: Se inicia un HandleMessage [] []
[2021-09-23T02:01:28.297385+00:00] main_channel.DEBUG: {"procedure":"ADD_MESSAGE","channel_id":12,"usuario_id":1,"text":"Adri谩n Estuvo aqu铆 "} [] []
[2021-09-23T02:01:46.129325+00:00] main_channel.INFO: Se agreg贸 un nuevo cliente con id de resource: 171 [] []
[2021-09-23T02:01:46.352277+00:00] main_channel.DEBUG: Se inicia un HandleMessage [] []
[2021-09-23T02:01:46.352614+00:00] main_channel.DEBUG: {"procedure":"GET_CHANNEL","channel_id":12} [] []
[2021-09-23T02:03:58.017950+00:00] main_channel.INFO: Se agreg贸 un nuevo cliente con id de resource: 174 [] []
[2021-09-23T02:03:58.212174+00:00] main_channel.DEBUG: Se inicia un HandleMessage [] []
[2021-09-23T02:03:58.212689+00:00] main_channel.DEBUG: {"procedure":"GET_CHANNEL","channel_id":12} [] []
[2021-09-23T02:04:08.639618+00:00] main_channel.DEBUG: Se inicia un HandleMessage [] []
[2021-09-23T02:04:08.640098+00:00] main_channel.DEBUG: {"procedure":"ADD_MESSAGE","channel_id":12,"usuario_id":1,"text":"chicharron"} [] []
[2021-09-23T02:04:13.139181+00:00] main_channel.INFO: Se agreg贸 un nuevo cliente con id de resource: 177 [] []
[2021-09-23T02:04:13.162067+00:00] main_channel.DEBUG: Se inicia un HandleMessage [] []
[2021-09-23T02:04:13.162437+00:00] main_channel.DEBUG: {"procedure":"GET_CHANNEL","channel_id":12} [] []
[2021-09-23T20:55:13.978987+00:00] main_channel.INFO: Arranca el Hub  [] []
