[2021-09-24T15:21:21.441202+00:00] main_channel.INFO: Arranca el Hub  [] []
[2021-09-24T15:22:27.236541+00:00] main_channel.INFO: Se agregó un nuevo cliente con id de resource: 120 [] []
[2021-09-24T15:22:27.258110+00:00] main_channel.DEBUG: Se inicia un HandleMessage [] []
[2021-09-24T15:22:27.258302+00:00] main_channel.DEBUG: {"procedure":"ADD_MESSAGE","channel_id":12,"usuario_id":1,"text":"Esta es una prueba de andres"} [] []
[2021-09-24T15:26:24.638403+00:00] main_channel.INFO: Se agregó un nuevo cliente con id de resource: 153 [] []
[2021-09-24T15:26:24.655179+00:00] main_channel.DEBUG: Se inicia un HandleMessage [] []
[2021-09-24T15:26:24.655579+00:00] main_channel.DEBUG: {"procedure":"NEW_CHANELL","channel_name":"nuevo_canal_que_devuelve_id"} [] []
[2021-09-24T15:28:18.524628+00:00] main_channel.INFO: Arranca el Hub  [] []
[2021-09-24T15:28:33.986683+00:00] main_channel.INFO: Se agregó un nuevo cliente con id de resource: 120 [] []
[2021-09-24T15:28:34.001427+00:00] main_channel.DEBUG: Se inicia un HandleMessage [] []
[2021-09-24T15:28:34.001784+00:00] main_channel.DEBUG: {"procedure":"NEW_CHANELL","channel_name":"nuevo_canal_que_devuelve_id"} [] []
[2021-09-24T15:30:33.579674+00:00] main_channel.INFO: Arranca el Hub  [] []
[2021-09-24T15:30:59.306858+00:00] main_channel.INFO: Se agregó un nuevo cliente con id de resource: 120 [] []
[2021-09-24T15:30:59.320825+00:00] main_channel.DEBUG: Se inicia un HandleMessage [] []
[2021-09-24T15:30:59.320973+00:00] main_channel.DEBUG: {"procedure":"NEW_CHANELL","channel_name":"nuevo_canal_que_devuelve_id"} [] []
[2021-09-24T15:32:57.059858+00:00] main_channel.INFO: Arranca el Hub  [] []
[2021-09-24T15:34:01.498416+00:00] main_channel.INFO: Se agregó un nuevo cliente con id de resource: 120 [] []
[2021-09-24T15:34:01.513046+00:00] main_channel.DEBUG: Se inicia un HandleMessage [] []
[2021-09-24T15:34:01.513213+00:00] main_channel.DEBUG: {"procedure":"NEW_CHANELL","channel_name":"nuevo_canal_que_devuelve_id","usuario_id":"2"} [] []
[2021-09-24T15:35:59.782333+00:00] main_channel.INFO: Arranca el Hub  [] []
[2021-09-24T15:36:34.127150+00:00] main_channel.INFO: Se agregó un nuevo cliente con id de resource: 120 [] []
[2021-09-24T15:36:34.141678+00:00] main_channel.DEBUG: Se inicia un HandleMessage [] []
[2021-09-24T15:36:34.141865+00:00] main_channel.DEBUG: {"procedure":"NEW_CHANELL","channel_name":"nuevo_canal_que_devuelve_id","usuario_id":"2"} [] []
[2021-09-24T15:38:04.795752+00:00] main_channel.INFO: Se agregó un nuevo cliente con id de resource: 152 [] []
[2021-09-24T15:38:04.807776+00:00] main_channel.DEBUG: Se inicia un HandleMessage [] []
[2021-09-24T15:38:04.807986+00:00] main_channel.DEBUG: {"procedure":"NEW_CHANELL","channel_name":"nuevo_canal_que_devuelve_id","usuario_id":"2"} [] []
[2021-09-24T15:39:40.383390+00:00] main_channel.INFO: Arranca el Hub  [] []
[2021-09-24T15:40:00.513879+00:00] main_channel.INFO: Se agregó un nuevo cliente con id de resource: 120 [] []
[2021-09-24T15:40:00.531178+00:00] main_channel.DEBUG: Se inicia un HandleMessage [] []
[2021-09-24T15:40:00.531421+00:00] main_channel.DEBUG: {"procedure":"NEW_CHANELL","channel_name":"nuevo_canal_que_devuelve_id","usuario_id":"2"} [] []
[2021-09-24T15:40:28.959272+00:00] main_channel.INFO: Arranca el Hub  [] []
[2021-09-24T15:40:33.681552+00:00] main_channel.INFO: Se agregó un nuevo cliente con id de resource: 120 [] []
[2021-09-24T15:40:33.689246+00:00] main_channel.DEBUG: Se inicia un HandleMessage [] []
[2021-09-24T15:40:33.689453+00:00] main_channel.DEBUG: {"procedure":"NEW_CHANELL","channel_name":"nuevo_canal_que_devuelve_id","usuario_id":"2"} [] []
[2021-09-24T15:42:04.932494+00:00] main_channel.INFO: Arranca el Hub  [] []
[2021-09-24T15:42:10.675140+00:00] main_channel.INFO: Se agregó un nuevo cliente con id de resource: 120 [] []
[2021-09-24T15:42:19.244290+00:00] main_channel.DEBUG: Se inicia un HandleMessage [] []
[2021-09-24T15:42:19.608835+00:00] main_channel.DEBUG: {"procedure":"NEW_CHANELL","channel_name":"nuevo_canal_que_devuelve_id","usuario_id":"2"} [] []
[2021-09-24T15:42:48.901206+00:00] main_channel.INFO: Se agregó un nuevo cliente con id de resource: 152 [] []
[2021-09-24T15:42:56.856444+00:00] main_channel.DEBUG: Se inicia un HandleMessage [] []
[2021-09-24T15:42:57.032083+00:00] main_channel.DEBUG: {"procedure":"NEW_CHANNEL","channel_name":"nuevo_canal_que_devuelve_id","usuario_id":"2"} [] []
[2021-09-24T15:44:12.550944+00:00] main_channel.INFO: Arranca el Hub  [] []
[2021-09-24T15:44:18.901629+00:00] main_channel.INFO: Se agregó un nuevo cliente con id de resource: 120 [] []
[2021-09-24T15:44:18.915267+00:00] main_channel.DEBUG: Se inicia un HandleMessage [] []
[2021-09-24T15:44:18.915551+00:00] main_channel.DEBUG: {"procedure":"NEW_CHANNEL","channel_name":"nuevo_canal_que_devuelve_id","usuario_id":"2"} [] []
[2021-09-24T15:48:47.620995+00:00] main_channel.INFO: Arranca el Hub  [] []
[2021-09-24T15:49:12.650028+00:00] main_channel.INFO: Se agregó un nuevo cliente con id de resource: 120 [] []
[2021-09-24T15:49:12.663277+00:00] main_channel.DEBUG: Se inicia un HandleMessage [] []
[2021-09-24T15:49:12.663594+00:00] main_channel.DEBUG: {"procedure":"NEW_CHANNEL","channel_name":"nuevo_canal_que_devuelve_id","usuario_id":"2"} [] []
[2021-09-24T15:51:20.719758+00:00] main_channel.INFO: Arranca el Hub  [] []
[2021-09-24T15:51:21.409188+00:00] main_channel.INFO: Se agregó un nuevo cliente con id de resource: 120 [] []
[2021-09-24T15:51:21.433586+00:00] main_channel.DEBUG: Se inicia un HandleMessage [] []
[2021-09-24T15:51:21.433898+00:00] main_channel.DEBUG: {"procedure":"NEW_CHANNEL","channel_name":"nuevo_canal_que_devuelve_id","usuario_id":"2"} [] []
[2021-09-24T15:51:37.715284+00:00] main_channel.DEBUG: Se creó el channel sin problemas [] []
[2021-09-24T15:52:16.285442+00:00] main_channel.INFO: Arranca el Hub  [] []
[2021-09-24T15:55:37.163531+00:00] main_channel.INFO: Se agregó un nuevo cliente con id de resource: 120 [] []
[2021-09-24T15:55:37.172987+00:00] main_channel.DEBUG: Se inicia un HandleMessage [] []
[2021-09-24T15:55:37.173248+00:00] main_channel.DEBUG: {"procedure":"NEW_CHANNEL","channel_name":"un_canal_creado_correctamente_finalmente","usuario_id":"2"} [] []
[2021-09-24T15:55:42.089197+00:00] main_channel.DEBUG: Se creó el channel sin problemas [] []
[2021-09-24T15:56:16.801762+00:00] main_channel.INFO: Se agregó un nuevo cliente con id de resource: 153 [] []
[2021-09-24T15:56:16.812870+00:00] main_channel.DEBUG: Se inicia un HandleMessage [] []
[2021-09-24T15:56:16.813212+00:00] main_channel.DEBUG: {"procedure":"NEW_CHANNEL","channel_name":"sdfvsvsdfdfd","usuario_id":"2"} [] []
[2021-09-24T15:56:23.093308+00:00] main_channel.DEBUG: Se creó el channel sin problemas [] []
[2021-09-24T18:50:45.750424+00:00] main_channel.INFO: Se agregó un nuevo cliente con id de resource: 156 [] []
[2021-09-24T18:50:45.776542+00:00] main_channel.DEBUG: Se inicia un HandleMessage [] []
[2021-09-24T18:50:45.776782+00:00] main_channel.DEBUG: {"procedure":"NEW_CHANNEL","channel_name":"sdfvsvsdfdfd","usuario_id":"2"} [] []
[2021-09-24T18:50:49.401586+00:00] main_channel.DEBUG: Se creó el channel sin problemas [] []
[2021-09-24T18:50:50.259359+00:00] main_channel.INFO: Se agregó un nuevo cliente con id de resource: 159 [] []
[2021-09-24T18:50:50.268380+00:00] main_channel.DEBUG: Se inicia un HandleMessage [] []
[2021-09-24T18:50:50.268652+00:00] main_channel.DEBUG: {"procedure":"NEW_CHANNEL","channel_name":"sdfvsvsdfdfd","usuario_id":"2"} [] []
[2021-09-24T18:50:52.553114+00:00] main_channel.DEBUG: Se creó el channel sin problemas [] []
[2021-09-24T18:51:26.805813+00:00] main_channel.INFO: Se agregó un nuevo cliente con id de resource: 162 [] []
[2021-09-24T18:51:26.814826+00:00] main_channel.DEBUG: Se inicia un HandleMessage [] []
[2021-09-24T18:51:26.815153+00:00] main_channel.DEBUG: {"procedure":"NEW_CHANNEL","channel_name":"jeronimo","usuario_id":"2"} [] []
[2021-09-24T18:51:34.680053+00:00] main_channel.DEBUG: Se creó el channel sin problemas [] []
[2021-09-24T19:44:59.943450+00:00] main_channel.INFO: Arranca el Hub  [] []
[2021-09-24T19:46:56.622683+00:00] main_channel.INFO: Se agregó un nuevo cliente con id de resource: 127 [] []
[2021-09-24T19:46:56.637404+00:00] main_channel.DEBUG: Se inicia un HandleMessage [] []
[2021-09-24T19:46:56.637791+00:00] main_channel.DEBUG: {"procedure":"GET_CHANNEL","channel_id":12,"usuario_name":"Andr\u00e9s","usuario_id":"2"} [] []
[2021-09-24T19:48:21.015809+00:00] main_channel.INFO: Arranca el Hub  [] []
[2021-09-24T19:48:32.910838+00:00] main_channel.INFO: Se agregó un nuevo cliente con id de resource: 127 [] []
[2021-09-24T19:48:54.712038+00:00] main_channel.DEBUG: Se inicia un HandleMessage [] []
[2021-09-24T19:48:54.712418+00:00] main_channel.DEBUG: {"procedure":"GET_CHANNEL","channel_id":12,"usuario_name":"Andr\u00e9s","usuario_id":"2"} [] []
[2021-09-24T20:40:37.295236+00:00] main_channel.INFO: Arranca el Hub  [] []
[2021-09-24T20:40:41.856551+00:00] main_channel.INFO: Se agregó un nuevo cliente con id de resource: 127 [] []
[2021-09-24T20:41:42.803316+00:00] main_channel.DEBUG: Se inicia un HandleMessage [] []
[2021-09-24T20:41:42.804159+00:00] main_channel.DEBUG: {"procedure":"GET_CHANNEL","channel_id":12,"usuario_name":"Andr\u00e9s","usuario_id":"2"} [] []
[2021-09-24T20:44:25.926449+00:00] main_channel.INFO: Arranca el Hub  [] []
[2021-09-24T21:00:58.738467+00:00] main_channel.INFO: Arranca el Hub  [] []
[2021-09-24T21:01:15.329334+00:00] main_channel.INFO: Se agregó un nuevo cliente con id de resource: 127 [] []
[2021-09-24T21:01:15.350236+00:00] main_channel.DEBUG: Se inicia un HandleMessage [] []
[2021-09-24T21:01:15.350597+00:00] main_channel.DEBUG: {"procedure":"GET_CHANNEL","channel_id":12,"usuario_name":"Andr\u00e9s","usuario_id":"2"} [] []
[2021-09-24T21:02:11.784159+00:00] main_channel.INFO: Arranca el Hub  [] []
[2021-09-24T21:02:26.204266+00:00] main_channel.INFO: Se agregó un nuevo cliente con id de resource: 127 [] []
[2021-09-24T21:02:36.643464+00:00] main_channel.DEBUG: Se inicia un HandleMessage [] []
[2021-09-24T21:02:36.644162+00:00] main_channel.DEBUG: {"procedure":"GET_CHANNEL","channel_id":12,"usuario_name":"Andr\u00e9s","usuario_id":"2"} [] []
[2021-09-24T21:03:22.864463+00:00] main_channel.INFO: Arranca el Hub  [] []
[2021-09-24T21:03:36.994707+00:00] main_channel.INFO: Se agregó un nuevo cliente con id de resource: 127 [] []
[2021-09-24T21:03:40.075514+00:00] main_channel.DEBUG: Se inicia un HandleMessage [] []
[2021-09-24T21:03:40.076425+00:00] main_channel.DEBUG: {"procedure":"GET_CHANNEL","channel_id":12,"usuario_name":"Andr\u00e9s","usuario_id":"2"} [] []
[2021-09-24T21:04:27.932102+00:00] main_channel.INFO: Arranca el Hub  [] []
[2021-09-24T21:04:32.909483+00:00] main_channel.INFO: Se agregó un nuevo cliente con id de resource: 127 [] []
[2021-09-24T21:04:33.508721+00:00] main_channel.DEBUG: Se inicia un HandleMessage [] []
[2021-09-24T21:04:33.509627+00:00] main_channel.DEBUG: {"procedure":"GET_CHANNEL","channel_id":12,"usuario_name":"Andr\u00e9s","usuario_id":"2"} [] []
[2021-09-24T21:07:41.950513+00:00] main_channel.INFO: Arranca el Hub  [] []
[2021-09-24T21:07:48.499695+00:00] main_channel.INFO: Se agregó un nuevo cliente con id de resource: 127 [] []
[2021-09-24T21:07:49.633204+00:00] main_channel.DEBUG: Se inicia un HandleMessage [] []
[2021-09-24T21:07:49.633800+00:00] main_channel.DEBUG: {"procedure":"GET_CHANNEL","channel_id":12,"usuario_name":"Andr\u00e9s","usuario_id":"2"} [] []
[2021-09-24T21:09:20.055867+00:00] main_channel.INFO: Arranca el Hub  [] []
[2021-09-24T21:09:26.992045+00:00] main_channel.INFO: Se agregó un nuevo cliente con id de resource: 127 [] []
[2021-09-24T21:09:27.921280+00:00] main_channel.DEBUG: Se inicia un HandleMessage [] []
[2021-09-24T21:09:27.921859+00:00] main_channel.DEBUG: {"procedure":"GET_CHANNEL","channel_id":12,"usuario_name":"Andr\u00e9s","usuario_id":"2"} [] []
[2021-09-24T21:12:43.408217+00:00] main_channel.INFO: Arranca el Hub  [] []
[2021-09-24T21:12:49.808451+00:00] main_channel.INFO: Se agregó un nuevo cliente con id de resource: 127 [] []
[2021-09-24T21:12:50.354224+00:00] main_channel.DEBUG: Se inicia un HandleMessage [] []
[2021-09-24T21:12:50.354795+00:00] main_channel.DEBUG: {"procedure":"GET_CHANNEL","channel_id":12,"usuario_name":"Andr\u00e9s","usuario_id":"2"} [] []
[2021-09-24T21:15:03.071695+00:00] main_channel.INFO: Se agregó un nuevo cliente con id de resource: 163 [] []
[2021-09-24T21:15:07.256257+00:00] main_channel.INFO: Se agregó un nuevo cliente con id de resource: 162 [] []
[2021-09-24T21:15:08.025156+00:00] main_channel.DEBUG: Se inicia un HandleMessage [] []
[2021-09-24T21:15:08.025845+00:00] main_channel.DEBUG: {"procedure":"GET_CHANNEL","channel_id":12} [] []
[2021-09-24T21:15:12.152336+00:00] main_channel.DEBUG: Se inicia un HandleMessage [] []
[2021-09-24T21:15:12.154076+00:00] main_channel.DEBUG: {"procedure":"GET_CHANNEL","channel_id":12,"usuario_name":"Andr\u00e9s","usuario_id":"2"} [] []
[2021-09-24T22:27:42.750067+00:00] main_channel.INFO: Arranca el Hub  [] []
[2021-09-24T22:32:48.462690+00:00] main_channel.INFO: Se agregó un nuevo cliente con id de resource: 127 [] []
[2021-09-24T22:32:48.482997+00:00] main_channel.DEBUG: Se inicia un HandleMessage [] []
[2021-09-24T22:32:48.483274+00:00] main_channel.DEBUG: {"procedure":"GET_CHANNEL","channel_id":12,"usuario_id":0,"usuario_name":"default x"} [] []
[2021-09-24T22:33:58.974653+00:00] main_channel.INFO: Se agregó un nuevo cliente con id de resource: 162 [] []
[2021-09-24T22:33:58.994040+00:00] main_channel.DEBUG: Se inicia un HandleMessage [] []
[2021-09-24T22:33:58.994364+00:00] main_channel.DEBUG: {"procedure":"GET_CHANNEL","channel_id":12,"usuario_id":1,"usuario_name":"default x"} [] []
[2021-09-24T22:36:38.406118+00:00] main_channel.INFO: Se agregó un nuevo cliente con id de resource: 165 [] []
[2021-09-24T22:37:09.784187+00:00] main_channel.DEBUG: Se inicia un HandleMessage [] []
[2021-09-24T22:37:09.784580+00:00] main_channel.DEBUG: {"procedure":"GET_CHANNEL","channel_id":12,"usuario_id":1,"usuario_name":"default x"} [] []
[2021-09-24T22:38:52.475344+00:00] main_channel.INFO: Se agregó un nuevo cliente con id de resource: 168 [] []
[2021-09-24T22:39:01.956974+00:00] main_channel.DEBUG: Se inicia un HandleMessage [] []
[2021-09-24T22:39:01.957364+00:00] main_channel.DEBUG: {"procedure":"GET_CHANNEL","channel_id":12,"usuario_id":1,"usuario_name":"default x"} [] []
[2021-09-24T22:42:20.869915+00:00] main_channel.INFO: Se agregó un nuevo cliente con id de resource: 172 [] []
[2021-09-24T22:42:20.895368+00:00] main_channel.DEBUG: Se inicia un HandleMessage [] []
[2021-09-24T22:42:20.895694+00:00] main_channel.DEBUG: {"procedure":"GET_CHANNEL","channel_id":12,"usuario_id":1,"usuario_name":"default x"} [] []
[2021-09-24T22:44:11.864664+00:00] main_channel.INFO: Se agregó un nuevo cliente con id de resource: 175 [] []
[2021-09-24T22:44:11.891624+00:00] main_channel.DEBUG: Se inicia un HandleMessage [] []
[2021-09-24T22:44:11.891990+00:00] main_channel.DEBUG: {"procedure":"GET_CHANNEL","channel_id":12,"usuario_name":"Andr\u00e9s","usuario_id":"2"} [] []
[2021-09-24T22:44:48.014382+00:00] main_channel.INFO: Se agregó un nuevo cliente con id de resource: 178 [] []
[2021-09-24T22:44:48.032860+00:00] main_channel.DEBUG: Se inicia un HandleMessage [] []
[2021-09-24T22:44:48.033181+00:00] main_channel.DEBUG: {"procedure":"GET_CHANNEL","channel_id":12,"usuario_name":"Andr\u00e9s","usuario_id":"2"} [] []
[2021-09-24T22:46:09.771035+00:00] main_channel.INFO: Se agregó un nuevo cliente con id de resource: 181 [] []
[2021-09-24T22:46:09.794009+00:00] main_channel.DEBUG: Se inicia un HandleMessage [] []
[2021-09-24T22:46:09.794364+00:00] main_channel.DEBUG: {"procedure":"GET_CHANNEL","channel_id":12,"usuario_id":1,"usuario_name":"default x"} [] []
[2021-09-24T22:48:35.913439+00:00] main_channel.INFO: Se agregó un nuevo cliente con id de resource: 184 [] []
[2021-09-24T22:48:35.936378+00:00] main_channel.DEBUG: Se inicia un HandleMessage [] []
[2021-09-24T22:48:35.936762+00:00] main_channel.DEBUG: {"procedure":"GET_CHANNEL","channel_id":12,"usuario_id":1,"usuario_name":"default x"} [] []
[2021-09-24T22:51:51.929057+00:00] main_channel.INFO: Se agregó un nuevo cliente con id de resource: 188 [] []
[2021-09-24T22:51:51.950353+00:00] main_channel.DEBUG: Se inicia un HandleMessage [] []
[2021-09-24T22:51:51.951247+00:00] main_channel.DEBUG: {"procedure":"GET_CHANNEL","channel_id":12,"usuario_id":1,"usuario_name":"default x"} [] []
[2021-09-24T23:30:20.631302+00:00] main_channel.INFO: Se agregó un nuevo cliente con id de resource: 191 [] []
[2021-09-24T23:30:20.633557+00:00] main_channel.DEBUG: Se inicia un HandleMessage [] []
[2021-09-24T23:30:20.633791+00:00] main_channel.DEBUG: {"procedure":"GET_CHANNEL","channel_id":12,"usuario_id":1,"usuario_name":"default x"} [] []
[2021-09-24T23:30:51.735209+00:00] main_channel.INFO: Se agregó un nuevo cliente con id de resource: 194 [] []
[2021-09-24T23:30:51.736798+00:00] main_channel.DEBUG: Se inicia un HandleMessage [] []
[2021-09-24T23:30:51.737004+00:00] main_channel.DEBUG: {"procedure":"GET_CHANNEL","channel_id":12,"usuario_id":1,"usuario_name":"default x"} [] []
[2021-09-24T23:30:57.273096+00:00] main_channel.INFO: Se agregó un nuevo cliente con id de resource: 197 [] []
[2021-09-24T23:30:57.274558+00:00] main_channel.DEBUG: Se inicia un HandleMessage [] []
[2021-09-24T23:30:57.274789+00:00] main_channel.DEBUG: {"procedure":"GET_CHANNEL","channel_id":12,"usuario_id":1,"usuario_name":"default x"} [] []
[2021-09-24T23:30:59.308149+00:00] main_channel.INFO: Se agregó un nuevo cliente con id de resource: 200 [] []
[2021-09-24T23:30:59.309911+00:00] main_channel.DEBUG: Se inicia un HandleMessage [] []
[2021-09-24T23:30:59.310172+00:00] main_channel.DEBUG: {"procedure":"GET_CHANNEL","channel_id":12,"usuario_id":1,"usuario_name":"default x"} [] []
[2021-09-24T23:37:09.952694+00:00] main_channel.INFO: Se agregó un nuevo cliente con id de resource: 203 [] []
[2021-09-24T23:37:09.954449+00:00] main_channel.DEBUG: Se inicia un HandleMessage [] []
[2021-09-24T23:37:09.954682+00:00] main_channel.DEBUG: {"procedure":"GET_CHANNEL","channel_id":12,"usuario_id":1,"usuario_name":"adrian"} [] []
[2021-09-24T23:37:29.916746+00:00] main_channel.INFO: Se agregó un nuevo cliente con id de resource: 206 [] []
[2021-09-24T23:37:29.918410+00:00] main_channel.DEBUG: Se inicia un HandleMessage [] []
[2021-09-24T23:37:29.918622+00:00] main_channel.DEBUG: {"procedure":"GET_CHANNEL","channel_id":12,"usuario_id":1,"usuario_name":"adrian"} [] []
[2021-09-24T23:37:31.965390+00:00] main_channel.INFO: Se agregó un nuevo cliente con id de resource: 209 [] []
[2021-09-24T23:37:31.966743+00:00] main_channel.DEBUG: Se inicia un HandleMessage [] []
[2021-09-24T23:37:31.966975+00:00] main_channel.DEBUG: {"procedure":"GET_CHANNEL","channel_id":12,"usuario_id":1,"usuario_name":"adrian"} [] []
